<?xml version="1.0" encoding="UTF-8"?>
<!-- Generated by org.testng.reporters.JUnitXMLReporter -->
<testsuite ignored="0" hostname="Baraa" failures="0" tests="4" name="Default test" time="1.684" errors="0" timestamp="2024-11-21T11:57:37 EET">
  <testcase classname="AlmosaferTestClass" name="CheckTheEnglishLanguageIsDefault" time="0.033"/>
  <testcase classname="AlmosaferTestClass" name="CheckTheCurrencyIsSar" time="0.022"/>
  <testcase classname="AlmosaferTestClass" name="CheckContactNumber" time="0.017"/>
  <testcase classname="AlmosaferTestClass" name="CheckTheVisaLogoIsDisplayed" time="0.02"/>
</testsuite> <!-- Default test -->
