<?xml version="1.0" encoding="UTF-8"?>
<!-- Generated by org.testng.reporters.JUnitXMLReporter -->
<testsuite ignored="0" hostname="Baraa" failures="0" tests="12" name="Default test" time="44.259" errors="0" timestamp="2024-11-26T09:57:06 EET">
  <testcase classname="AlmosaferTestClass" name="CheckTheEnglishLanguageIsDefault" time="0.047"/>
  <testcase classname="AlmosaferTestClass" name="CheckTheCurrencyIsSar" time="0.027"/>
  <testcase classname="AlmosaferTestClass" name="CheckContactNumber" time="0.029"/>
  <testcase classname="AlmosaferTestClass" name="CheckTheVisaLogoIsDisplayed" time="0.03"/>
  <testcase classname="AlmosaferTestClass" name="CheckTheHotelTabIsNotSelected" time="0.052"/>
  <testcase classname="AlmosaferTestClass" name="CheckDepatureDate" time="0.02"/>
  <testcase classname="AlmosaferTestClass" name="CheckReturnDate" time="0.026"/>
  <testcase classname="AlmosaferTestClass" name="RandomChangeTheLanguage" time="0.029"/>
  <testcase classname="AlmosaferTestClass" name="ChangeTheLanguage" time="3.323"/>
  <testcase classname="AlmosaferTestClass" name="NumOfVisitors" time="2.379"/>
  <testcase classname="AlmosaferTestClass" name="RefreshThePage" time="35.041"/>
  <testcase classname="AlmosaferTestClass" name="SortPage" time="0.993"/>
</testsuite> <!-- Default test -->
