<?xml version="1.0" encoding="UTF-8"?>
<testng-results ignored="0" total="12" passed="12" failed="0" skipped="0">
  <reporter-output>
  </reporter-output>
  <suite started-at="2024-11-26T09:56:21 EET" name="Default suite" finished-at="2024-11-26T09:57:06 EET" duration-ms="44259">
    <groups>
    </groups>
    <test started-at="2024-11-26T09:56:21 EET" name="Default test" finished-at="2024-11-26T09:57:06 EET" duration-ms="44259">
      <class name="AlmosaferTestClass">
        <test-method is-config="true" signature="MySetup()[pri:0, instance:AlmosaferTestClass@373ebf74]" started-at="2024-11-26T09:56:21 EET" name="MySetup" finished-at="2024-11-26T09:56:24 EET" duration-ms="2188" status="PASS">
          <reporter-output>
          </reporter-output>
        </test-method> <!-- MySetup -->
        <test-method signature="CheckTheEnglishLanguageIsDefault()[pri:1, instance:AlmosaferTestClass@373ebf74]" started-at="2024-11-26T09:56:24 EET" name="CheckTheEnglishLanguageIsDefault" finished-at="2024-11-26T09:56:24 EET" duration-ms="47" status="PASS">
          <reporter-output>
          </reporter-output>
        </test-method> <!-- CheckTheEnglishLanguageIsDefault -->
        <test-method signature="CheckTheCurrencyIsSar()[pri:2, instance:AlmosaferTestClass@373ebf74]" started-at="2024-11-26T09:56:24 EET" name="CheckTheCurrencyIsSar" finished-at="2024-11-26T09:56:24 EET" duration-ms="27" status="PASS">
          <reporter-output>
          </reporter-output>
        </test-method> <!-- CheckTheCurrencyIsSar -->
        <test-method signature="CheckContactNumber()[pri:3, instance:AlmosaferTestClass@373ebf74]" started-at="2024-11-26T09:56:24 EET" name="CheckContactNumber" finished-at="2024-11-26T09:56:24 EET" duration-ms="29" status="PASS">
          <reporter-output>
          </reporter-output>
        </test-method> <!-- CheckContactNumber -->
        <test-method signature="CheckTheVisaLogoIsDisplayed()[pri:4, instance:AlmosaferTestClass@373ebf74]" started-at="2024-11-26T09:56:24 EET" name="CheckTheVisaLogoIsDisplayed" finished-at="2024-11-26T09:56:24 EET" duration-ms="30" status="PASS">
          <reporter-output>
          </reporter-output>
        </test-method> <!-- CheckTheVisaLogoIsDisplayed -->
        <test-method signature="CheckTheHotelTabIsNotSelected()[pri:5, instance:AlmosaferTestClass@373ebf74]" started-at="2024-11-26T09:56:24 EET" name="CheckTheHotelTabIsNotSelected" finished-at="2024-11-26T09:56:24 EET" duration-ms="52" status="PASS">
          <reporter-output>
          </reporter-output>
        </test-method> <!-- CheckTheHotelTabIsNotSelected -->
        <test-method signature="CheckDepatureDate()[pri:6, instance:AlmosaferTestClass@373ebf74]" started-at="2024-11-26T09:56:24 EET" name="CheckDepatureDate" finished-at="2024-11-26T09:56:24 EET" duration-ms="20" status="PASS">
          <reporter-output>
          </reporter-output>
        </test-method> <!-- CheckDepatureDate -->
        <test-method signature="CheckReturnDate()[pri:7, instance:AlmosaferTestClass@373ebf74]" started-at="2024-11-26T09:56:24 EET" name="CheckReturnDate" finished-at="2024-11-26T09:56:24 EET" duration-ms="26" status="PASS">
          <reporter-output>
          </reporter-output>
        </test-method> <!-- CheckReturnDate -->
        <test-method signature="RandomChangeTheLanguage()[pri:8, instance:AlmosaferTestClass@373ebf74]" started-at="2024-11-26T09:56:24 EET" name="RandomChangeTheLanguage" finished-at="2024-11-26T09:56:24 EET" duration-ms="29" status="PASS">
          <reporter-output>
          </reporter-output>
        </test-method> <!-- RandomChangeTheLanguage -->
        <test-method signature="ChangeTheLanguage()[pri:9, instance:AlmosaferTestClass@373ebf74]" started-at="2024-11-26T09:56:24 EET" name="ChangeTheLanguage" finished-at="2024-11-26T09:56:27 EET" duration-ms="3323" status="PASS">
          <reporter-output>
          </reporter-output>
        </test-method> <!-- ChangeTheLanguage -->
        <test-method signature="NumOfVisitors()[pri:10, instance:AlmosaferTestClass@373ebf74]" started-at="2024-11-26T09:56:27 EET" name="NumOfVisitors" finished-at="2024-11-26T09:56:30 EET" duration-ms="2379" status="PASS">
          <reporter-output>
          </reporter-output>
        </test-method> <!-- NumOfVisitors -->
        <test-method signature="RefreshThePage()[pri:11, instance:AlmosaferTestClass@373ebf74]" started-at="2024-11-26T09:56:30 EET" name="RefreshThePage" finished-at="2024-11-26T09:57:05 EET" duration-ms="35041" status="PASS">
          <reporter-output>
          </reporter-output>
        </test-method> <!-- RefreshThePage -->
        <test-method signature="SortPage()[pri:12, instance:AlmosaferTestClass@373ebf74]" started-at="2024-11-26T09:57:05 EET" name="SortPage" finished-at="2024-11-26T09:57:06 EET" duration-ms="993" status="PASS">
          <reporter-output>
          </reporter-output>
        </test-method> <!-- SortPage -->
      </class> <!-- AlmosaferTestClass -->
    </test> <!-- Default test -->
  </suite> <!-- Default suite -->
</testng-results>
