<?xml version="1.0" encoding="UTF-8"?>
<testng-results ignored="0" total="4" passed="4" failed="0" skipped="0">
  <reporter-output>
  </reporter-output>
  <suite started-at="2024-11-21T11:57:36 EET" name="Default suite" finished-at="2024-11-21T11:57:37 EET" duration-ms="1684">
    <groups>
    </groups>
    <test started-at="2024-11-21T11:57:36 EET" name="Default test" finished-at="2024-11-21T11:57:37 EET" duration-ms="1684">
      <class name="AlmosaferTestClass">
        <test-method is-config="true" signature="MySetup()[pri:0, instance:AlmosaferTestClass@10ded6a9]" started-at="2024-11-21T11:57:36 EET" name="MySetup" finished-at="2024-11-21T11:57:37 EET" duration-ms="1564" status="PASS">
          <reporter-output>
          </reporter-output>
        </test-method> <!-- MySetup -->
        <test-method signature="CheckTheEnglishLanguageIsDefault()[pri:1, instance:AlmosaferTestClass@10ded6a9]" started-at="2024-11-21T11:57:37 EET" name="CheckTheEnglishLanguageIsDefault" finished-at="2024-11-21T11:57:37 EET" duration-ms="33" status="PASS">
          <reporter-output>
          </reporter-output>
        </test-method> <!-- CheckTheEnglishLanguageIsDefault -->
        <test-method signature="CheckTheCurrencyIsSar()[pri:2, instance:AlmosaferTestClass@10ded6a9]" started-at="2024-11-21T11:57:37 EET" name="CheckTheCurrencyIsSar" finished-at="2024-11-21T11:57:37 EET" duration-ms="22" status="PASS">
          <reporter-output>
          </reporter-output>
        </test-method> <!-- CheckTheCurrencyIsSar -->
        <test-method signature="CheckContactNumber()[pri:3, instance:AlmosaferTestClass@10ded6a9]" started-at="2024-11-21T11:57:37 EET" name="CheckContactNumber" finished-at="2024-11-21T11:57:37 EET" duration-ms="17" status="PASS">
          <reporter-output>
          </reporter-output>
        </test-method> <!-- CheckContactNumber -->
        <test-method signature="CheckTheVisaLogoIsDisplayed()[pri:4, instance:AlmosaferTestClass@10ded6a9]" started-at="2024-11-21T11:57:37 EET" name="CheckTheVisaLogoIsDisplayed" finished-at="2024-11-21T11:57:37 EET" duration-ms="20" status="PASS">
          <reporter-output>
          </reporter-output>
        </test-method> <!-- CheckTheVisaLogoIsDisplayed -->
      </class> <!-- AlmosaferTestClass -->
    </test> <!-- Default test -->
  </suite> <!-- Default suite -->
</testng-results>
